Arguments: 
  /Users/leo/.nvm/versions/node/v10.15.0/bin/node /usr/local/Cellar/yarn/1.13.0/libexec/bin/yarn.js add @nestjs/jwt @nestjs/passport

PATH: 
  /Users/leo/.jenv/shims:/Users/leo/.jenv/bin:/Users/leo/.nvm/versions/node/v10.15.0/bin:/Users/leo/bin:/usr/local/bin:/Users/leo/.cargo/bin:/Library/Frameworks/Python.framework/Versions/3.7/bin:/usr/local/bin:/usr/bin:/bin:/usr/sbin:/sbin:/usr/local/go/bin:/Users/leo/.jenv/shims:/Users/leo/.jenv/bin:/Users/leo/.nvm/versions/node/v10.15.0/bin:/Users/leo/bin:/Users/leo/.cargo/bin:/Library/Frameworks/Python.framework/Versions/3.7/bin:/Users/leo/Documents/mongodb-4.0.6/bin:/Users/leo/Documents/apache-maven-3.6.0/bin:/usr/local/opt/rabbitmq/sbin:JAVA_8_HOME/bin:/Users/leo/Documents/mongodb-4.0.6/bin:/Users/leo/Documents/apache-maven-3.6.0/bin:/usr/local/opt/rabbitmq/sbin:JAVA_8_HOME/bin:/Users/leo/.cargo/bin

Yarn version: 
  1.13.0

Node version: 
  10.15.0

Platform: 
  darwin x64

Trace: 
  Error: EEXIST: file already exists, mkdir '/Users/leo/work/rosebud-api/node_modules/anymatch/node_modules/expand-brackets/node_modules'

npm manifest: 
  {
    "name": "rosebud-api",
    "version": "0.0.1",
    "description": "",
    "author": "",
    "license": "MIT",
    "scripts": {
      "build": "tsc -p tsconfig.build.json",
      "format": "prettier --write \"src/**/*.ts\"",
      "start": "ts-node -r tsconfig-paths/register src/main.ts",
      "dev": "nodemon",
      "gt": "ts-node generate-typings",
      "start:debug": "nodemon --config nodemon-debug.json",
      "prestart:prod": "rimraf dist && npm run build",
      "start:prod": "node dist/main.js",
      "lint": "tslint -p tsconfig.json -c tslint.json",
      "test": "jest",
      "test:watch": "jest --watch",
      "test:cov": "jest --coverage",
      "test:debug": "node --inspect-brk -r tsconfig-paths/register -r ts-node/register node_modules/.bin/jest --runInBand",
      "test:e2e": "jest --config ./test/jest-e2e.json"
    },
    "dependencies": {
      "@nestjs/common": "^6.5.3",
      "@nestjs/core": "^6.5.3",
      "@nestjs/graphql": "^6.4.2",
      "@nestjs/platform-express": "^6.0.0",
      "@nestjs/typeorm": "^6.0.0",
      "apollo-server-express": "^2.8.0",
      "class-transformer": "^0.2.3",
      "graphql": "^14.4.2",
      "graphql-tools": "^4.0.5",
      "mysql": "^2.17.1",
      "reflect-metadata": "^0.1.12",
      "rimraf": "^2.6.2",
      "rxjs": "^6.3.3",
      "typeorm": "^0.2.16"
    },
    "devDependencies": {
      "@types/express": "^4.16.0",
      "@types/jest": "^23.3.13",
      "@types/node": "^10.12.18",
      "@types/supertest": "^2.0.7",
      "@nestjs/testing": "^6.0.0",
      "jest": "^23.6.0",
      "nodemon": "^1.18.9",
      "prettier": "^1.15.3",
      "supertest": "^3.4.1",
      "ts-jest": "^23.10.5",
      "ts-node": "^7.0.1",
      "tsconfig-paths": "^3.7.0",
      "tslint": "5.12.1",
      "typescript": "^3.2.4"
    },
    "jest": {
      "moduleFileExtensions": [
        "js",
        "json",
        "ts"
      ],
      "rootDir": "src",
      "testRegex": ".spec.ts$",
      "transform": {
        "^.+\\.(t|j)s$": "ts-jest"
      },
      "coverageDirectory": "../coverage",
      "testEnvironment": "node"
    }
  }

yarn manifest: 
  No manifest

Lockfile: 
  No lockfile
